Determining if the pthread_create exist failed with the following output:
<<<<<<< HEAD
Change Dir: /home/b2256/catkin_ws/build/CMakeFiles/CMakeTmp

Run Build Command:"/usr/bin/make" "cmTC_ac2e3/fast"
/usr/bin/make -f CMakeFiles/cmTC_ac2e3.dir/build.make CMakeFiles/cmTC_ac2e3.dir/build
make[1]: Entering directory '/home/b2256/catkin_ws/build/CMakeFiles/CMakeTmp'
Building C object CMakeFiles/cmTC_ac2e3.dir/CheckSymbolExists.c.o
/usr/bin/cc     -o CMakeFiles/cmTC_ac2e3.dir/CheckSymbolExists.c.o   -c /home/b2256/catkin_ws/build/CMakeFiles/CMakeTmp/CheckSymbolExists.c
Linking C executable cmTC_ac2e3
/usr/bin/cmake -E cmake_link_script CMakeFiles/cmTC_ac2e3.dir/link.txt --verbose=1
/usr/bin/cc       CMakeFiles/cmTC_ac2e3.dir/CheckSymbolExists.c.o  -o cmTC_ac2e3 -rdynamic 
CMakeFiles/cmTC_ac2e3.dir/CheckSymbolExists.c.o: In function `main':
CheckSymbolExists.c:(.text+0x16): undefined reference to `pthread_create'
collect2: error: ld returned 1 exit status
CMakeFiles/cmTC_ac2e3.dir/build.make:97: recipe for target 'cmTC_ac2e3' failed
make[1]: *** [cmTC_ac2e3] Error 1
make[1]: Leaving directory '/home/b2256/catkin_ws/build/CMakeFiles/CMakeTmp'
Makefile:126: recipe for target 'cmTC_ac2e3/fast' failed
make: *** [cmTC_ac2e3/fast] Error 2

File /home/b2256/catkin_ws/build/CMakeFiles/CMakeTmp/CheckSymbolExists.c:
=======
Change Dir: /home/ghedger/git/catkin_ws/build/CMakeFiles/CMakeTmp

Run Build Command:"/usr/bin/make" "cmTC_e0787/fast"
/usr/bin/make -f CMakeFiles/cmTC_e0787.dir/build.make CMakeFiles/cmTC_e0787.dir/build
make[1]: Entering directory '/home/ghedger/git/catkin_ws/build/CMakeFiles/CMakeTmp'
Building C object CMakeFiles/cmTC_e0787.dir/CheckSymbolExists.c.o
/usr/bin/cc     -o CMakeFiles/cmTC_e0787.dir/CheckSymbolExists.c.o   -c /home/ghedger/git/catkin_ws/build/CMakeFiles/CMakeTmp/CheckSymbolExists.c
Linking C executable cmTC_e0787
/usr/bin/cmake -E cmake_link_script CMakeFiles/cmTC_e0787.dir/link.txt --verbose=1
/usr/bin/cc       CMakeFiles/cmTC_e0787.dir/CheckSymbolExists.c.o  -o cmTC_e0787 -rdynamic 
CMakeFiles/cmTC_e0787.dir/CheckSymbolExists.c.o: In function `main':
CheckSymbolExists.c:(.text+0x16): undefined reference to `pthread_create'
collect2: error: ld returned 1 exit status
CMakeFiles/cmTC_e0787.dir/build.make:97: recipe for target 'cmTC_e0787' failed
make[1]: *** [cmTC_e0787] Error 1
make[1]: Leaving directory '/home/ghedger/git/catkin_ws/build/CMakeFiles/CMakeTmp'
Makefile:126: recipe for target 'cmTC_e0787/fast' failed
make: *** [cmTC_e0787/fast] Error 2

File /home/ghedger/git/catkin_ws/build/CMakeFiles/CMakeTmp/CheckSymbolExists.c:
>>>>>>> 6b687d5f194866803c08e14a8c5df5743416c396
/* */
#include <pthread.h>

int main(int argc, char** argv)
{
  (void)argv;
#ifndef pthread_create
  return ((int*)(&pthread_create))[argc];
#else
  (void)argc;
  return 0;
#endif
}

Determining if the function pthread_create exists in the pthreads failed with the following output:
<<<<<<< HEAD
Change Dir: /home/b2256/catkin_ws/build/CMakeFiles/CMakeTmp

Run Build Command:"/usr/bin/make" "cmTC_663bc/fast"
/usr/bin/make -f CMakeFiles/cmTC_663bc.dir/build.make CMakeFiles/cmTC_663bc.dir/build
make[1]: Entering directory '/home/b2256/catkin_ws/build/CMakeFiles/CMakeTmp'
Building C object CMakeFiles/cmTC_663bc.dir/CheckFunctionExists.c.o
/usr/bin/cc    -DCHECK_FUNCTION_EXISTS=pthread_create   -o CMakeFiles/cmTC_663bc.dir/CheckFunctionExists.c.o   -c /usr/share/cmake-3.5/Modules/CheckFunctionExists.c
Linking C executable cmTC_663bc
/usr/bin/cmake -E cmake_link_script CMakeFiles/cmTC_663bc.dir/link.txt --verbose=1
/usr/bin/cc   -DCHECK_FUNCTION_EXISTS=pthread_create    CMakeFiles/cmTC_663bc.dir/CheckFunctionExists.c.o  -o cmTC_663bc -rdynamic -lpthreads 
/usr/bin/ld: cannot find -lpthreads
collect2: error: ld returned 1 exit status
CMakeFiles/cmTC_663bc.dir/build.make:97: recipe for target 'cmTC_663bc' failed
make[1]: *** [cmTC_663bc] Error 1
make[1]: Leaving directory '/home/b2256/catkin_ws/build/CMakeFiles/CMakeTmp'
Makefile:126: recipe for target 'cmTC_663bc/fast' failed
make: *** [cmTC_663bc/fast] Error 2
=======
Change Dir: /home/ghedger/git/catkin_ws/build/CMakeFiles/CMakeTmp

Run Build Command:"/usr/bin/make" "cmTC_b3415/fast"
/usr/bin/make -f CMakeFiles/cmTC_b3415.dir/build.make CMakeFiles/cmTC_b3415.dir/build
make[1]: Entering directory '/home/ghedger/git/catkin_ws/build/CMakeFiles/CMakeTmp'
Building C object CMakeFiles/cmTC_b3415.dir/CheckFunctionExists.c.o
/usr/bin/cc    -DCHECK_FUNCTION_EXISTS=pthread_create   -o CMakeFiles/cmTC_b3415.dir/CheckFunctionExists.c.o   -c /usr/share/cmake-3.5/Modules/CheckFunctionExists.c
Linking C executable cmTC_b3415
/usr/bin/cmake -E cmake_link_script CMakeFiles/cmTC_b3415.dir/link.txt --verbose=1
/usr/bin/cc   -DCHECK_FUNCTION_EXISTS=pthread_create    CMakeFiles/cmTC_b3415.dir/CheckFunctionExists.c.o  -o cmTC_b3415 -rdynamic -lpthreads 
/usr/bin/ld: cannot find -lpthreads
collect2: error: ld returned 1 exit status
CMakeFiles/cmTC_b3415.dir/build.make:97: recipe for target 'cmTC_b3415' failed
make[1]: *** [cmTC_b3415] Error 1
make[1]: Leaving directory '/home/ghedger/git/catkin_ws/build/CMakeFiles/CMakeTmp'
Makefile:126: recipe for target 'cmTC_b3415/fast' failed
make: *** [cmTC_b3415/fast] Error 2
>>>>>>> 6b687d5f194866803c08e14a8c5df5743416c396


